2022-01-08 22:01:44 [34mINFO [0;39m [36mplay.api.http.EnabledFilters[0;39m [35m[0;39m Enabled Filters (see <https://www.playframework.com/documentation/latest/Filters>):

    play.filters.csrf.CSRFFilter
    play.filters.headers.SecurityHeadersFilter
    play.filters.hosts.AllowedHostsFilter

2022-01-08 22:01:44 [34mINFO [0;39m [36mplay.api.Play[0;39m [35m[0;39m Application started (Dev) (no global state)
2022-01-08 22:01:45 [31mWARN [0;39m [36mp.filters.hosts.AllowedHostsFilter[0;39m [35m[0;39m Host not allowed: 9000-teal-orangutan-5w9kkfhe.ws-eu25.gitpod.io
2022-01-08 22:01:45 [31mWARN [0;39m [36mp.filters.hosts.AllowedHostsFilter[0;39m [35m[0;39m Host not allowed: 9000-teal-orangutan-5w9kkfhe.ws-eu25.gitpod.io
2022-01-08 22:03:28 [34mINFO [0;39m [36mplay.api.http.EnabledFilters[0;39m [35m[0;39m Enabled Filters (see <https://www.playframework.com/documentation/latest/Filters>):

    play.filters.csrf.CSRFFilter
    play.filters.headers.SecurityHeadersFilter
    play.filters.hosts.AllowedHostsFilter

2022-01-08 22:03:28 [34mINFO [0;39m [36mplay.api.Play[0;39m [35m[0;39m Application started (Dev) (no global state)
2022-01-08 22:05:25 [34mINFO [0;39m [36mplay.api.http.EnabledFilters[0;39m [35m[0;39m Enabled Filters (see <https://www.playframework.com/documentation/latest/Filters>):

    play.filters.csrf.CSRFFilter
    play.filters.headers.SecurityHeadersFilter
    play.filters.hosts.AllowedHostsFilter

2022-01-08 22:05:25 [34mINFO [0;39m [36mplay.api.Play[0;39m [35m[0;39m Application started (Dev) (no global state)
2022-01-08 22:05:54 [34mINFO [0;39m [36mplay.api.http.EnabledFilters[0;39m [35m[0;39m Enabled Filters (see <https://www.playframework.com/documentation/latest/Filters>):

    play.filters.csrf.CSRFFilter
    play.filters.headers.SecurityHeadersFilter
    play.filters.hosts.AllowedHostsFilter

2022-01-08 22:05:54 [34mINFO [0;39m [36mplay.api.Play[0;39m [35m[0;39m Application started (Dev) (no global state)
2022-01-08 22:06:20 [34mINFO [0;39m [36mplay.api.http.EnabledFilters[0;39m [35m[0;39m Enabled Filters (see <https://www.playframework.com/documentation/latest/Filters>):

    play.filters.csrf.CSRFFilter
    play.filters.headers.SecurityHeadersFilter
    play.filters.hosts.AllowedHostsFilter

2022-01-08 22:06:20 [34mINFO [0;39m [36mplay.api.Play[0;39m [35m[0;39m Application started (Dev) (no global state)
2022-01-08 22:09:59 [34mINFO [0;39m [36mplay.api.http.EnabledFilters[0;39m [35m[0;39m Enabled Filters (see <https://www.playframework.com/documentation/latest/Filters>):

    play.filters.csrf.CSRFFilter
    play.filters.headers.SecurityHeadersFilter
    play.filters.hosts.AllowedHostsFilter

2022-01-08 22:09:59 [34mINFO [0;39m [36mplay.api.Play[0;39m [35m[0;39m Application started (Dev) (no global state)
2022-01-08 22:11:14 [34mINFO [0;39m [36mplay.api.http.EnabledFilters[0;39m [35m[0;39m Enabled Filters (see <https://www.playframework.com/documentation/latest/Filters>):

    play.filters.csrf.CSRFFilter
    play.filters.headers.SecurityHeadersFilter
    play.filters.hosts.AllowedHostsFilter

2022-01-08 22:11:14 [34mINFO [0;39m [36mplay.api.Play[0;39m [35m[0;39m Application started (Dev) (no global state)
2022-01-08 22:16:15 [34mINFO [0;39m [36mplay.api.http.EnabledFilters[0;39m [35m[0;39m Enabled Filters (see <https://www.playframework.com/documentation/latest/Filters>):

    play.filters.csrf.CSRFFilter
    play.filters.headers.SecurityHeadersFilter
    play.filters.hosts.AllowedHostsFilter

2022-01-08 22:16:15 [34mINFO [0;39m [36mplay.api.Play[0;39m [35m[0;39m Application started (Dev) (no global state)
2022-01-08 22:17:42 [34mINFO [0;39m [36mplay.api.http.EnabledFilters[0;39m [35m[0;39m Enabled Filters (see <https://www.playframework.com/documentation/latest/Filters>):

    play.filters.csrf.CSRFFilter
    play.filters.headers.SecurityHeadersFilter
    play.filters.hosts.AllowedHostsFilter

2022-01-08 22:17:42 [34mINFO [0;39m [36mplay.api.Play[0;39m [35m[0;39m Application started (Dev) (no global state)
2022-01-08 22:17:42 [1;31mERROR[0;39m [36mp.api.http.DefaultHttpErrorHandler[0;39m [35m[0;39m 

! @7ma8elgid - Internal server error, for (GET) [/delay/10] ->
 
play.api.http.HttpErrorHandlerExceptions$$anon$1: Execution exception[[Error: Delayed for 10 second(s)]]
	at play.api.http.HttpErrorHandlerExceptions$.$anonfun$convertToPlayException$2(HttpErrorHandler.scala:381)
	at scala.Option.map(Option.scala:242)
	at play.api.http.HttpErrorHandlerExceptions$.convertToPlayException(HttpErrorHandler.scala:380)
	at play.api.http.HttpErrorHandlerExceptions$.throwableToUsefulException(HttpErrorHandler.scala:373)
	at play.api.http.DefaultHttpErrorHandler.onServerError(HttpErrorHandler.scala:264)
	at play.core.server.AkkaHttpServer$$anonfun$2.applyOrElse(AkkaHttpServer.scala:430)
	at play.core.server.AkkaHttpServer$$anonfun$2.applyOrElse(AkkaHttpServer.scala:422)
	at scala.concurrent.impl.Promise$Transformation.run(Promise.scala:490)
	at akka.dispatch.BatchingExecutor$AbstractBatch.processBatch(BatchingExecutor.scala:63)
	at akka.dispatch.BatchingExecutor$BlockableBatch.$anonfun$run$1(BatchingExecutor.scala:100)
	at scala.runtime.java8.JFunction0$mcV$sp.apply(JFunction0$mcV$sp.scala:18)
	at scala.concurrent.BlockContext$.withBlockContext(BlockContext.scala:94)
	at akka.dispatch.BatchingExecutor$BlockableBatch.run(BatchingExecutor.scala:100)
	at akka.dispatch.TaskInvocation.run(AbstractDispatcher.scala:49)
	at akka.dispatch.ForkJoinExecutorConfigurator$AkkaForkJoinTask.exec(ForkJoinExecutorConfigurator.scala:48)
	at java.base/java.util.concurrent.ForkJoinTask.doExec(ForkJoinTask.java:290)
	at java.base/java.util.concurrent.ForkJoinPool$WorkQueue.topLevelExec(ForkJoinPool.java:1020)
	at java.base/java.util.concurrent.ForkJoinPool.scan(ForkJoinPool.java:1656)
	at java.base/java.util.concurrent.ForkJoinPool.runWorker(ForkJoinPool.java:1594)
	at java.base/java.util.concurrent.ForkJoinWorkerThread.run(ForkJoinWorkerThread.java:183)
Caused by: java.lang.Error: Delayed for 10 second(s)
	at controllers.HomeController.$anonfun$delay$1(HomeController.scala:30)
	at play.api.mvc.ActionBuilder.$anonfun$async$1(Action.scala:339)
	at play.api.mvc.ActionBuilderImpl.invokeBlock(Action.scala:441)
	at play.api.mvc.ActionBuilderImpl.invokeBlock(Action.scala:439)
	at play.api.mvc.ActionBuilder$$anon$9.apply(Action.scala:379)
	at play.api.mvc.Action.$anonfun$apply$4(Action.scala:82)
	at play.api.libs.streams.StrictAccumulator.$anonfun$mapFuture$4(Accumulator.scala:168)
	at scala.util.Try$.apply(Try.scala:210)
	at play.api.libs.streams.StrictAccumulator.$anonfun$mapFuture$3(Accumulator.scala:168)
	at scala.Function1.$anonfun$andThen$1(Function1.scala:85)
	at scala.Function1.$anonfun$andThen$1(Function1.scala:85)
	at scala.Function1.$anonfun$andThen$1(Function1.scala:85)
	at play.api.libs.streams.StrictAccumulator.run(Accumulator.scala:199)
	at play.core.server.AkkaHttpServer.$anonfun$runAction$4(AkkaHttpServer.scala:417)
	at akka.http.scaladsl.util.FastFuture$.strictTransform$1(FastFuture.scala:41)
	at akka.http.scaladsl.util.FastFuture$.$anonfun$transformWith$3(FastFuture.scala:51)
	at scala.concurrent.impl.Promise$Transformation.run(Promise.scala:484)
	... 12 common frames omitted
2022-01-08 22:17:45 [1;31mERROR[0;39m [36mp.api.http.DefaultHttpErrorHandler[0;39m [35m[0;39m 

! @7ma8elkng - Internal server error, for (GET) [/delay/10] ->
 
play.api.http.HttpErrorHandlerExceptions$$anon$1: Execution exception[[Error: Delayed for 10 second(s)]]
	at play.api.http.HttpErrorHandlerExceptions$.$anonfun$convertToPlayException$2(HttpErrorHandler.scala:381)
	at scala.Option.map(Option.scala:242)
	at play.api.http.HttpErrorHandlerExceptions$.convertToPlayException(HttpErrorHandler.scala:380)
	at play.api.http.HttpErrorHandlerExceptions$.throwableToUsefulException(HttpErrorHandler.scala:373)
	at play.api.http.DefaultHttpErrorHandler.onServerError(HttpErrorHandler.scala:264)
	at play.core.server.AkkaHttpServer$$anonfun$2.applyOrElse(AkkaHttpServer.scala:430)
	at play.core.server.AkkaHttpServer$$anonfun$2.applyOrElse(AkkaHttpServer.scala:422)
	at scala.concurrent.impl.Promise$Transformation.run(Promise.scala:490)
	at akka.dispatch.BatchingExecutor$AbstractBatch.processBatch(BatchingExecutor.scala:63)
	at akka.dispatch.BatchingExecutor$BlockableBatch.$anonfun$run$1(BatchingExecutor.scala:100)
	at scala.runtime.java8.JFunction0$mcV$sp.apply(JFunction0$mcV$sp.scala:18)
	at scala.concurrent.BlockContext$.withBlockContext(BlockContext.scala:94)
	at akka.dispatch.BatchingExecutor$BlockableBatch.run(BatchingExecutor.scala:100)
	at akka.dispatch.TaskInvocation.run(AbstractDispatcher.scala:49)
	at akka.dispatch.ForkJoinExecutorConfigurator$AkkaForkJoinTask.exec(ForkJoinExecutorConfigurator.scala:48)
	at java.base/java.util.concurrent.ForkJoinTask.doExec(ForkJoinTask.java:290)
	at java.base/java.util.concurrent.ForkJoinPool$WorkQueue.topLevelExec(ForkJoinPool.java:1020)
	at java.base/java.util.concurrent.ForkJoinPool.scan(ForkJoinPool.java:1656)
	at java.base/java.util.concurrent.ForkJoinPool.runWorker(ForkJoinPool.java:1594)
	at java.base/java.util.concurrent.ForkJoinWorkerThread.run(ForkJoinWorkerThread.java:183)
Caused by: java.lang.Error: Delayed for 10 second(s)
	at controllers.HomeController.$anonfun$delay$1(HomeController.scala:30)
	at play.api.mvc.ActionBuilder.$anonfun$async$1(Action.scala:339)
	at play.api.mvc.ActionBuilderImpl.invokeBlock(Action.scala:441)
	at play.api.mvc.ActionBuilderImpl.invokeBlock(Action.scala:439)
	at play.api.mvc.ActionBuilder$$anon$9.apply(Action.scala:379)
	at play.api.mvc.Action.$anonfun$apply$4(Action.scala:82)
	at play.api.libs.streams.StrictAccumulator.$anonfun$mapFuture$4(Accumulator.scala:168)
	at scala.util.Try$.apply(Try.scala:210)
	at play.api.libs.streams.StrictAccumulator.$anonfun$mapFuture$3(Accumulator.scala:168)
	at scala.Function1.$anonfun$andThen$1(Function1.scala:85)
	at scala.Function1.$anonfun$andThen$1(Function1.scala:85)
	at scala.Function1.$anonfun$andThen$1(Function1.scala:85)
	at play.api.libs.streams.StrictAccumulator.run(Accumulator.scala:199)
	at play.core.server.AkkaHttpServer.$anonfun$runAction$4(AkkaHttpServer.scala:417)
	at akka.http.scaladsl.util.FastFuture$.strictTransform$1(FastFuture.scala:41)
	at akka.http.scaladsl.util.FastFuture$.$anonfun$transformWith$3(FastFuture.scala:51)
	at scala.concurrent.impl.Promise$Transformation.run(Promise.scala:484)
	... 12 common frames omitted
2022-01-08 22:21:02 [1;31mERROR[0;39m [36mp.api.http.DefaultHttpErrorHandler[0;39m [35m[0;39m 

! @7ma8f6pf0 - Internal server error, for (GET) [/delay/10] ->
 
play.api.UnexpectedException: Unexpected exception[CreationException: Unable to create injector, see the following errors:

1) No implementation for akka.actor.typed.ActorSystem<?> was bound.
  while locating akka.actor.typed.ActorSystem<?>
    for the 2nd parameter of controllers.HomeController.<init>(HomeController.scala:15)
  while locating controllers.HomeController
    for the 2nd parameter of router.Routes.<init>(Routes.scala:28)
  at play.api.inject.RoutesProvider$.bindingsFromConfiguration(BuiltinModule.scala:139):
Binding(class router.Routes to self) (via modules: com.google.inject.util.Modules$OverrideModule -> play.api.inject.guice.GuiceableModuleConversions$$anon$4)

1 error]
	at play.core.server.DevServerStart$$anon$1.reload(DevServerStart.scala:254)
	at play.core.server.DevServerStart$$anon$1.get(DevServerStart.scala:148)
	at play.core.server.AkkaHttpServer.handleRequest(AkkaHttpServer.scala:302)
	at play.core.server.AkkaHttpServer.$anonfun$createServerBinding$1(AkkaHttpServer.scala:224)
	at akka.stream.impl.fusing.MapAsync$$anon$30.onPush(Ops.scala:1307)
	at akka.stream.impl.fusing.GraphInterpreter.processPush(GraphInterpreter.scala:542)
	at akka.stream.impl.fusing.GraphInterpreter.processEvent(GraphInterpreter.scala:496)
	at akka.stream.impl.fusing.GraphInterpreter.execute(GraphInterpreter.scala:390)
	at akka.stream.impl.fusing.GraphInterpreterShell.runBatch(ActorGraphInterpreter.scala:650)
	at akka.stream.impl.fusing.GraphInterpreterShell$AsyncInput.execute(ActorGraphInterpreter.scala:521)
	at akka.stream.impl.fusing.GraphInterpreterShell.processEvent(ActorGraphInterpreter.scala:625)
	at akka.stream.impl.fusing.ActorGraphInterpreter.akka$stream$impl$fusing$ActorGraphInterpreter$$processEvent(ActorGraphInterpreter.scala:800)
	at akka.stream.impl.fusing.ActorGraphInterpreter$$anonfun$receive$1.applyOrElse(ActorGraphInterpreter.scala:818)
	at akka.actor.Actor.aroundReceive(Actor.scala:537)
	at akka.actor.Actor.aroundReceive$(Actor.scala:535)
	at akka.stream.impl.fusing.ActorGraphInterpreter.aroundReceive(ActorGraphInterpreter.scala:716)
	at akka.actor.ActorCell.receiveMessage(ActorCell.scala:580)
	at akka.actor.ActorCell.invoke(ActorCell.scala:548)
	at akka.dispatch.Mailbox.processMailbox(Mailbox.scala:270)
	at akka.dispatch.Mailbox.run(Mailbox.scala:231)
	at akka.dispatch.Mailbox.exec(Mailbox.scala:243)
	at java.base/java.util.concurrent.ForkJoinTask.doExec(ForkJoinTask.java:290)
	at java.base/java.util.concurrent.ForkJoinPool$WorkQueue.topLevelExec(ForkJoinPool.java:1020)
	at java.base/java.util.concurrent.ForkJoinPool.scan(ForkJoinPool.java:1656)
	at java.base/java.util.concurrent.ForkJoinPool.runWorker(ForkJoinPool.java:1594)
	at java.base/java.util.concurrent.ForkJoinWorkerThread.run(ForkJoinWorkerThread.java:183)
Caused by: com.google.inject.CreationException: Unable to create injector, see the following errors:

1) No implementation for akka.actor.typed.ActorSystem<?> was bound.
  while locating akka.actor.typed.ActorSystem<?>
    for the 2nd parameter of controllers.HomeController.<init>(HomeController.scala:15)
  while locating controllers.HomeController
    for the 2nd parameter of router.Routes.<init>(Routes.scala:28)
  at play.api.inject.RoutesProvider$.bindingsFromConfiguration(BuiltinModule.scala:139):
Binding(class router.Routes to self) (via modules: com.google.inject.util.Modules$OverrideModule -> play.api.inject.guice.GuiceableModuleConversions$$anon$4)

1 error
	at com.google.inject.internal.Errors.throwCreationExceptionIfErrorsExist(Errors.java:554)
	at com.google.inject.internal.InternalInjectorCreator.initializeStatically(InternalInjectorCreator.java:161)
	at com.google.inject.internal.InternalInjectorCreator.build(InternalInjectorCreator.java:108)
	at com.google.inject.Guice.createInjector(Guice.java:87)
	at com.google.inject.Guice.createInjector(Guice.java:78)
	at play.api.inject.guice.GuiceBuilder.injector(GuiceInjectorBuilder.scala:200)
	at play.api.inject.guice.GuiceApplicationBuilder.build(GuiceApplicationBuilder.scala:155)
	at play.api.inject.guice.GuiceApplicationLoader.load(GuiceApplicationLoader.scala:21)
	at play.core.server.DevServerStart$$anon$1.$anonfun$reload$2(DevServerStart.scala:193)
	at play.utils.Threads$.withContextClassLoader(Threads.scala:22)
	at play.core.server.DevServerStart$$anon$1.reload(DevServerStart.scala:185)
	... 25 common frames omitted
2022-01-08 22:21:03 [1;31mERROR[0;39m [36mp.api.http.DefaultHttpErrorHandler[0;39m [35m[0;39m 

! @7ma8f6pf0 - Internal server error, for (GET) [/delay/10] ->
 
play.api.UnexpectedException: Unexpected exception[CreationException: Unable to create injector, see the following errors:

1) No implementation for akka.actor.typed.ActorSystem<?> was bound.
  while locating akka.actor.typed.ActorSystem<?>
    for the 2nd parameter of controllers.HomeController.<init>(HomeController.scala:15)
  while locating controllers.HomeController
    for the 2nd parameter of router.Routes.<init>(Routes.scala:28)
  at play.api.inject.RoutesProvider$.bindingsFromConfiguration(BuiltinModule.scala:139):
Binding(class router.Routes to self) (via modules: com.google.inject.util.Modules$OverrideModule -> play.api.inject.guice.GuiceableModuleConversions$$anon$4)

1 error]
	at play.core.server.DevServerStart$$anon$1.reload(DevServerStart.scala:254)
	at play.core.server.DevServerStart$$anon$1.get(DevServerStart.scala:148)
	at play.core.server.AkkaHttpServer.handleRequest(AkkaHttpServer.scala:302)
	at play.core.server.AkkaHttpServer.$anonfun$createServerBinding$1(AkkaHttpServer.scala:224)
	at akka.stream.impl.fusing.MapAsync$$anon$30.onPush(Ops.scala:1307)
	at akka.stream.impl.fusing.GraphInterpreter.processPush(GraphInterpreter.scala:542)
	at akka.stream.impl.fusing.GraphInterpreter.processEvent(GraphInterpreter.scala:496)
	at akka.stream.impl.fusing.GraphInterpreter.execute(GraphInterpreter.scala:390)
	at akka.stream.impl.fusing.GraphInterpreterShell.runBatch(ActorGraphInterpreter.scala:650)
	at akka.stream.impl.fusing.GraphInterpreterShell$AsyncInput.execute(ActorGraphInterpreter.scala:521)
	at akka.stream.impl.fusing.GraphInterpreterShell.processEvent(ActorGraphInterpreter.scala:625)
	at akka.stream.impl.fusing.ActorGraphInterpreter.akka$stream$impl$fusing$ActorGraphInterpreter$$processEvent(ActorGraphInterpreter.scala:800)
	at akka.stream.impl.fusing.ActorGraphInterpreter$$anonfun$receive$1.applyOrElse(ActorGraphInterpreter.scala:818)
	at akka.actor.Actor.aroundReceive(Actor.scala:537)
	at akka.actor.Actor.aroundReceive$(Actor.scala:535)
	at akka.stream.impl.fusing.ActorGraphInterpreter.aroundReceive(ActorGraphInterpreter.scala:716)
	at akka.actor.ActorCell.receiveMessage(ActorCell.scala:580)
	at akka.actor.ActorCell.invoke(ActorCell.scala:548)
	at akka.dispatch.Mailbox.processMailbox(Mailbox.scala:270)
	at akka.dispatch.Mailbox.run(Mailbox.scala:231)
	at akka.dispatch.Mailbox.exec(Mailbox.scala:243)
	at java.base/java.util.concurrent.ForkJoinTask.doExec(ForkJoinTask.java:290)
	at java.base/java.util.concurrent.ForkJoinPool$WorkQueue.topLevelExec(ForkJoinPool.java:1020)
	at java.base/java.util.concurrent.ForkJoinPool.scan(ForkJoinPool.java:1656)
	at java.base/java.util.concurrent.ForkJoinPool.runWorker(ForkJoinPool.java:1594)
	at java.base/java.util.concurrent.ForkJoinWorkerThread.run(ForkJoinWorkerThread.java:183)
Caused by: com.google.inject.CreationException: Unable to create injector, see the following errors:

1) No implementation for akka.actor.typed.ActorSystem<?> was bound.
  while locating akka.actor.typed.ActorSystem<?>
    for the 2nd parameter of controllers.HomeController.<init>(HomeController.scala:15)
  while locating controllers.HomeController
    for the 2nd parameter of router.Routes.<init>(Routes.scala:28)
  at play.api.inject.RoutesProvider$.bindingsFromConfiguration(BuiltinModule.scala:139):
Binding(class router.Routes to self) (via modules: com.google.inject.util.Modules$OverrideModule -> play.api.inject.guice.GuiceableModuleConversions$$anon$4)

1 error
	at com.google.inject.internal.Errors.throwCreationExceptionIfErrorsExist(Errors.java:554)
	at com.google.inject.internal.InternalInjectorCreator.initializeStatically(InternalInjectorCreator.java:161)
	at com.google.inject.internal.InternalInjectorCreator.build(InternalInjectorCreator.java:108)
	at com.google.inject.Guice.createInjector(Guice.java:87)
	at com.google.inject.Guice.createInjector(Guice.java:78)
	at play.api.inject.guice.GuiceBuilder.injector(GuiceInjectorBuilder.scala:200)
	at play.api.inject.guice.GuiceApplicationBuilder.build(GuiceApplicationBuilder.scala:155)
	at play.api.inject.guice.GuiceApplicationLoader.load(GuiceApplicationLoader.scala:21)
	at play.core.server.DevServerStart$$anon$1.$anonfun$reload$2(DevServerStart.scala:193)
	at play.utils.Threads$.withContextClassLoader(Threads.scala:22)
	at play.core.server.DevServerStart$$anon$1.reload(DevServerStart.scala:185)
	... 25 common frames omitted
2022-01-08 22:21:04 [1;31mERROR[0;39m [36mp.api.http.DefaultHttpErrorHandler[0;39m [35m[0;39m 

! @7ma8f6pf0 - Internal server error, for (GET) [/delay/10] ->
 
play.api.UnexpectedException: Unexpected exception[CreationException: Unable to create injector, see the following errors:

1) No implementation for akka.actor.typed.ActorSystem<?> was bound.
  while locating akka.actor.typed.ActorSystem<?>
    for the 2nd parameter of controllers.HomeController.<init>(HomeController.scala:15)
  while locating controllers.HomeController
    for the 2nd parameter of router.Routes.<init>(Routes.scala:28)
  at play.api.inject.RoutesProvider$.bindingsFromConfiguration(BuiltinModule.scala:139):
Binding(class router.Routes to self) (via modules: com.google.inject.util.Modules$OverrideModule -> play.api.inject.guice.GuiceableModuleConversions$$anon$4)

1 error]
	at play.core.server.DevServerStart$$anon$1.reload(DevServerStart.scala:254)
	at play.core.server.DevServerStart$$anon$1.get(DevServerStart.scala:148)
	at play.core.server.AkkaHttpServer.handleRequest(AkkaHttpServer.scala:302)
	at play.core.server.AkkaHttpServer.$anonfun$createServerBinding$1(AkkaHttpServer.scala:224)
	at akka.stream.impl.fusing.MapAsync$$anon$30.onPush(Ops.scala:1307)
	at akka.stream.impl.fusing.GraphInterpreter.processPush(GraphInterpreter.scala:542)
	at akka.stream.impl.fusing.GraphInterpreter.processEvent(GraphInterpreter.scala:496)
	at akka.stream.impl.fusing.GraphInterpreter.execute(GraphInterpreter.scala:390)
	at akka.stream.impl.fusing.GraphInterpreterShell.runBatch(ActorGraphInterpreter.scala:650)
	at akka.stream.impl.fusing.GraphInterpreterShell$AsyncInput.execute(ActorGraphInterpreter.scala:521)
	at akka.stream.impl.fusing.GraphInterpreterShell.processEvent(ActorGraphInterpreter.scala:625)
	at akka.stream.impl.fusing.ActorGraphInterpreter.akka$stream$impl$fusing$ActorGraphInterpreter$$processEvent(ActorGraphInterpreter.scala:800)
	at akka.stream.impl.fusing.ActorGraphInterpreter$$anonfun$receive$1.applyOrElse(ActorGraphInterpreter.scala:818)
	at akka.actor.Actor.aroundReceive(Actor.scala:537)
	at akka.actor.Actor.aroundReceive$(Actor.scala:535)
	at akka.stream.impl.fusing.ActorGraphInterpreter.aroundReceive(ActorGraphInterpreter.scala:716)
	at akka.actor.ActorCell.receiveMessage(ActorCell.scala:580)
	at akka.actor.ActorCell.invoke(ActorCell.scala:548)
	at akka.dispatch.Mailbox.processMailbox(Mailbox.scala:270)
	at akka.dispatch.Mailbox.run(Mailbox.scala:231)
	at akka.dispatch.Mailbox.exec(Mailbox.scala:243)
	at java.base/java.util.concurrent.ForkJoinTask.doExec(ForkJoinTask.java:290)
	at java.base/java.util.concurrent.ForkJoinPool$WorkQueue.topLevelExec(ForkJoinPool.java:1020)
	at java.base/java.util.concurrent.ForkJoinPool.scan(ForkJoinPool.java:1656)
	at java.base/java.util.concurrent.ForkJoinPool.runWorker(ForkJoinPool.java:1594)
	at java.base/java.util.concurrent.ForkJoinWorkerThread.run(ForkJoinWorkerThread.java:183)
Caused by: com.google.inject.CreationException: Unable to create injector, see the following errors:

1) No implementation for akka.actor.typed.ActorSystem<?> was bound.
  while locating akka.actor.typed.ActorSystem<?>
    for the 2nd parameter of controllers.HomeController.<init>(HomeController.scala:15)
  while locating controllers.HomeController
    for the 2nd parameter of router.Routes.<init>(Routes.scala:28)
  at play.api.inject.RoutesProvider$.bindingsFromConfiguration(BuiltinModule.scala:139):
Binding(class router.Routes to self) (via modules: com.google.inject.util.Modules$OverrideModule -> play.api.inject.guice.GuiceableModuleConversions$$anon$4)

1 error
	at com.google.inject.internal.Errors.throwCreationExceptionIfErrorsExist(Errors.java:554)
	at com.google.inject.internal.InternalInjectorCreator.initializeStatically(InternalInjectorCreator.java:161)
	at com.google.inject.internal.InternalInjectorCreator.build(InternalInjectorCreator.java:108)
	at com.google.inject.Guice.createInjector(Guice.java:87)
	at com.google.inject.Guice.createInjector(Guice.java:78)
	at play.api.inject.guice.GuiceBuilder.injector(GuiceInjectorBuilder.scala:200)
	at play.api.inject.guice.GuiceApplicationBuilder.build(GuiceApplicationBuilder.scala:155)
	at play.api.inject.guice.GuiceApplicationLoader.load(GuiceApplicationLoader.scala:21)
	at play.core.server.DevServerStart$$anon$1.$anonfun$reload$2(DevServerStart.scala:193)
	at play.utils.Threads$.withContextClassLoader(Threads.scala:22)
	at play.core.server.DevServerStart$$anon$1.reload(DevServerStart.scala:185)
	... 25 common frames omitted
2022-01-08 22:21:33 [1;31mERROR[0;39m [36mp.api.http.DefaultHttpErrorHandler[0;39m [35m[0;39m 

! @7ma8f6pf0 - Internal server error, for (GET) [/delay/10] ->
 
play.api.UnexpectedException: Unexpected exception[CreationException: Unable to create injector, see the following errors:

1) No implementation for akka.actor.typed.ActorSystem<?> was bound.
  while locating akka.actor.typed.ActorSystem<?>
    for the 2nd parameter of controllers.HomeController.<init>(HomeController.scala:15)
  while locating controllers.HomeController
    for the 2nd parameter of router.Routes.<init>(Routes.scala:28)
  at play.api.inject.RoutesProvider$.bindingsFromConfiguration(BuiltinModule.scala:139):
Binding(class router.Routes to self) (via modules: com.google.inject.util.Modules$OverrideModule -> play.api.inject.guice.GuiceableModuleConversions$$anon$4)

1 error]
	at play.core.server.DevServerStart$$anon$1.reload(DevServerStart.scala:254)
	at play.core.server.DevServerStart$$anon$1.get(DevServerStart.scala:148)
	at play.core.server.AkkaHttpServer.handleRequest(AkkaHttpServer.scala:302)
	at play.core.server.AkkaHttpServer.$anonfun$createServerBinding$1(AkkaHttpServer.scala:224)
	at akka.stream.impl.fusing.MapAsync$$anon$30.onPush(Ops.scala:1307)
	at akka.stream.impl.fusing.GraphInterpreter.processPush(GraphInterpreter.scala:542)
	at akka.stream.impl.fusing.GraphInterpreter.processEvent(GraphInterpreter.scala:496)
	at akka.stream.impl.fusing.GraphInterpreter.execute(GraphInterpreter.scala:390)
	at akka.stream.impl.fusing.GraphInterpreterShell.runBatch(ActorGraphInterpreter.scala:650)
	at akka.stream.impl.fusing.GraphInterpreterShell$AsyncInput.execute(ActorGraphInterpreter.scala:521)
	at akka.stream.impl.fusing.GraphInterpreterShell.processEvent(ActorGraphInterpreter.scala:625)
	at akka.stream.impl.fusing.ActorGraphInterpreter.akka$stream$impl$fusing$ActorGraphInterpreter$$processEvent(ActorGraphInterpreter.scala:800)
	at akka.stream.impl.fusing.ActorGraphInterpreter$$anonfun$receive$1.applyOrElse(ActorGraphInterpreter.scala:818)
	at akka.actor.Actor.aroundReceive(Actor.scala:537)
	at akka.actor.Actor.aroundReceive$(Actor.scala:535)
	at akka.stream.impl.fusing.ActorGraphInterpreter.aroundReceive(ActorGraphInterpreter.scala:716)
	at akka.actor.ActorCell.receiveMessage(ActorCell.scala:580)
	at akka.actor.ActorCell.invoke(ActorCell.scala:548)
	at akka.dispatch.Mailbox.processMailbox(Mailbox.scala:270)
	at akka.dispatch.Mailbox.run(Mailbox.scala:231)
	at akka.dispatch.Mailbox.exec(Mailbox.scala:243)
	at java.base/java.util.concurrent.ForkJoinTask.doExec(ForkJoinTask.java:290)
	at java.base/java.util.concurrent.ForkJoinPool$WorkQueue.topLevelExec(ForkJoinPool.java:1020)
	at java.base/java.util.concurrent.ForkJoinPool.scan(ForkJoinPool.java:1656)
	at java.base/java.util.concurrent.ForkJoinPool.runWorker(ForkJoinPool.java:1594)
	at java.base/java.util.concurrent.ForkJoinWorkerThread.run(ForkJoinWorkerThread.java:183)
Caused by: com.google.inject.CreationException: Unable to create injector, see the following errors:

1) No implementation for akka.actor.typed.ActorSystem<?> was bound.
  while locating akka.actor.typed.ActorSystem<?>
    for the 2nd parameter of controllers.HomeController.<init>(HomeController.scala:15)
  while locating controllers.HomeController
    for the 2nd parameter of router.Routes.<init>(Routes.scala:28)
  at play.api.inject.RoutesProvider$.bindingsFromConfiguration(BuiltinModule.scala:139):
Binding(class router.Routes to self) (via modules: com.google.inject.util.Modules$OverrideModule -> play.api.inject.guice.GuiceableModuleConversions$$anon$4)

1 error
	at com.google.inject.internal.Errors.throwCreationExceptionIfErrorsExist(Errors.java:554)
	at com.google.inject.internal.InternalInjectorCreator.initializeStatically(InternalInjectorCreator.java:161)
	at com.google.inject.internal.InternalInjectorCreator.build(InternalInjectorCreator.java:108)
	at com.google.inject.Guice.createInjector(Guice.java:87)
	at com.google.inject.Guice.createInjector(Guice.java:78)
	at play.api.inject.guice.GuiceBuilder.injector(GuiceInjectorBuilder.scala:200)
	at play.api.inject.guice.GuiceApplicationBuilder.build(GuiceApplicationBuilder.scala:155)
	at play.api.inject.guice.GuiceApplicationLoader.load(GuiceApplicationLoader.scala:21)
	at play.core.server.DevServerStart$$anon$1.$anonfun$reload$2(DevServerStart.scala:193)
	at play.utils.Threads$.withContextClassLoader(Threads.scala:22)
	at play.core.server.DevServerStart$$anon$1.reload(DevServerStart.scala:185)
	... 25 common frames omitted
2022-01-08 22:21:34 [1;31mERROR[0;39m [36mp.api.http.DefaultHttpErrorHandler[0;39m [35m[0;39m 

! @7ma8f6pf0 - Internal server error, for (GET) [/delay/10] ->
 
play.api.UnexpectedException: Unexpected exception[CreationException: Unable to create injector, see the following errors:

1) No implementation for akka.actor.typed.ActorSystem<?> was bound.
  while locating akka.actor.typed.ActorSystem<?>
    for the 2nd parameter of controllers.HomeController.<init>(HomeController.scala:15)
  while locating controllers.HomeController
    for the 2nd parameter of router.Routes.<init>(Routes.scala:28)
  at play.api.inject.RoutesProvider$.bindingsFromConfiguration(BuiltinModule.scala:139):
Binding(class router.Routes to self) (via modules: com.google.inject.util.Modules$OverrideModule -> play.api.inject.guice.GuiceableModuleConversions$$anon$4)

1 error]
	at play.core.server.DevServerStart$$anon$1.reload(DevServerStart.scala:254)
	at play.core.server.DevServerStart$$anon$1.get(DevServerStart.scala:148)
	at play.core.server.AkkaHttpServer.handleRequest(AkkaHttpServer.scala:302)
	at play.core.server.AkkaHttpServer.$anonfun$createServerBinding$1(AkkaHttpServer.scala:224)
	at akka.stream.impl.fusing.MapAsync$$anon$30.onPush(Ops.scala:1307)
	at akka.stream.impl.fusing.GraphInterpreter.processPush(GraphInterpreter.scala:542)
	at akka.stream.impl.fusing.GraphInterpreter.processEvent(GraphInterpreter.scala:496)
	at akka.stream.impl.fusing.GraphInterpreter.execute(GraphInterpreter.scala:390)
	at akka.stream.impl.fusing.GraphInterpreterShell.runBatch(ActorGraphInterpreter.scala:650)
	at akka.stream.impl.fusing.GraphInterpreterShell$AsyncInput.execute(ActorGraphInterpreter.scala:521)
	at akka.stream.impl.fusing.GraphInterpreterShell.processEvent(ActorGraphInterpreter.scala:625)
	at akka.stream.impl.fusing.ActorGraphInterpreter.akka$stream$impl$fusing$ActorGraphInterpreter$$processEvent(ActorGraphInterpreter.scala:800)
	at akka.stream.impl.fusing.ActorGraphInterpreter$$anonfun$receive$1.applyOrElse(ActorGraphInterpreter.scala:818)
	at akka.actor.Actor.aroundReceive(Actor.scala:537)
	at akka.actor.Actor.aroundReceive$(Actor.scala:535)
	at akka.stream.impl.fusing.ActorGraphInterpreter.aroundReceive(ActorGraphInterpreter.scala:716)
	at akka.actor.ActorCell.receiveMessage(ActorCell.scala:580)
	at akka.actor.ActorCell.invoke(ActorCell.scala:548)
	at akka.dispatch.Mailbox.processMailbox(Mailbox.scala:270)
	at akka.dispatch.Mailbox.run(Mailbox.scala:231)
	at akka.dispatch.Mailbox.exec(Mailbox.scala:243)
	at java.base/java.util.concurrent.ForkJoinTask.doExec(ForkJoinTask.java:290)
	at java.base/java.util.concurrent.ForkJoinPool$WorkQueue.topLevelExec(ForkJoinPool.java:1020)
	at java.base/java.util.concurrent.ForkJoinPool.scan(ForkJoinPool.java:1656)
	at java.base/java.util.concurrent.ForkJoinPool.runWorker(ForkJoinPool.java:1594)
	at java.base/java.util.concurrent.ForkJoinWorkerThread.run(ForkJoinWorkerThread.java:183)
Caused by: com.google.inject.CreationException: Unable to create injector, see the following errors:

1) No implementation for akka.actor.typed.ActorSystem<?> was bound.
  while locating akka.actor.typed.ActorSystem<?>
    for the 2nd parameter of controllers.HomeController.<init>(HomeController.scala:15)
  while locating controllers.HomeController
    for the 2nd parameter of router.Routes.<init>(Routes.scala:28)
  at play.api.inject.RoutesProvider$.bindingsFromConfiguration(BuiltinModule.scala:139):
Binding(class router.Routes to self) (via modules: com.google.inject.util.Modules$OverrideModule -> play.api.inject.guice.GuiceableModuleConversions$$anon$4)

1 error
	at com.google.inject.internal.Errors.throwCreationExceptionIfErrorsExist(Errors.java:554)
	at com.google.inject.internal.InternalInjectorCreator.initializeStatically(InternalInjectorCreator.java:161)
	at com.google.inject.internal.InternalInjectorCreator.build(InternalInjectorCreator.java:108)
	at com.google.inject.Guice.createInjector(Guice.java:87)
	at com.google.inject.Guice.createInjector(Guice.java:78)
	at play.api.inject.guice.GuiceBuilder.injector(GuiceInjectorBuilder.scala:200)
	at play.api.inject.guice.GuiceApplicationBuilder.build(GuiceApplicationBuilder.scala:155)
	at play.api.inject.guice.GuiceApplicationLoader.load(GuiceApplicationLoader.scala:21)
	at play.core.server.DevServerStart$$anon$1.$anonfun$reload$2(DevServerStart.scala:193)
	at play.utils.Threads$.withContextClassLoader(Threads.scala:22)
	at play.core.server.DevServerStart$$anon$1.reload(DevServerStart.scala:185)
	... 25 common frames omitted
2022-01-08 22:21:50 [34mINFO [0;39m [36mplay.api.http.EnabledFilters[0;39m [35m[0;39m Enabled Filters (see <https://www.playframework.com/documentation/latest/Filters>):

    play.filters.csrf.CSRFFilter
    play.filters.headers.SecurityHeadersFilter
    play.filters.hosts.AllowedHostsFilter

2022-01-08 22:21:50 [34mINFO [0;39m [36mplay.api.Play[0;39m [35m[0;39m Application started (Dev) (no global state)
2022-01-08 22:28:35 [34mINFO [0;39m [36mplay.api.http.EnabledFilters[0;39m [35m[0;39m Enabled Filters (see <https://www.playframework.com/documentation/latest/Filters>):

    play.filters.csrf.CSRFFilter
    play.filters.headers.SecurityHeadersFilter
    play.filters.hosts.AllowedHostsFilter

2022-01-08 22:28:35 [34mINFO [0;39m [36mplay.api.Play[0;39m [35m[0;39m Application started (Dev) (no global state)
2022-01-08 22:31:00 [34mINFO [0;39m [36mplay.api.http.EnabledFilters[0;39m [35m[0;39m Enabled Filters (see <https://www.playframework.com/documentation/latest/Filters>):

    play.filters.csrf.CSRFFilter
    play.filters.headers.SecurityHeadersFilter
    play.filters.hosts.AllowedHostsFilter

2022-01-08 22:31:00 [34mINFO [0;39m [36mplay.api.Play[0;39m [35m[0;39m Application started (Dev) (no global state)
2022-01-08 22:31:03 [34mINFO [0;39m [36mplay[0;39m [35m[0;39m Delayed for 3 second(s)
2022-01-08 22:31:03 [34mINFO [0;39m [36mplay[0;39m [35m[0;39m Delayed for 3 second(s)
2022-01-08 22:31:03 [34mINFO [0;39m [36mplay[0;39m [35m[0;39m Delayed for 3 second(s)
2022-01-08 22:31:03 [34mINFO [0;39m [36mplay[0;39m [35m[0;39m Delayed for 3 second(s)
2022-01-08 22:31:03 [34mINFO [0;39m [36mplay[0;39m [35m[0;39m Delayed for 3 second(s)
2022-01-08 22:31:04 [34mINFO [0;39m [36mplay[0;39m [35m[0;39m Delayed for 3 second(s)
2022-01-08 22:31:04 [34mINFO [0;39m [36mplay[0;39m [35m[0;39m Delayed for 3 second(s)
2022-01-08 22:31:04 [34mINFO [0;39m [36mplay[0;39m [35m[0;39m Delayed for 3 second(s)
2022-01-08 22:31:04 [34mINFO [0;39m [36mplay[0;39m [35m[0;39m Delayed for 3 second(s)
2022-01-08 22:31:10 [34mINFO [0;39m [36mplay[0;39m [35m[0;39m Delayed for 1 second(s)
2022-01-08 22:31:12 [34mINFO [0;39m [36mplay[0;39m [35m[0;39m Delayed for 3 second(s)
2022-01-08 22:31:19 [34mINFO [0;39m [36mplay[0;39m [35m[0;39m Delayed for 10 second(s)
2022-01-08 22:31:21 [34mINFO [0;39m [36mplay[0;39m [35m[0;39m Delayed for 10 second(s)
2022-01-08 22:31:21 [34mINFO [0;39m [36mplay[0;39m [35m[0;39m Delayed for 10 second(s)
2022-01-08 22:31:21 [34mINFO [0;39m [36mplay[0;39m [35m[0;39m Delayed for 10 second(s)
2022-01-08 22:31:21 [34mINFO [0;39m [36mplay[0;39m [35m[0;39m Delayed for 10 second(s)
2022-01-08 22:31:21 [34mINFO [0;39m [36mplay[0;39m [35m[0;39m Delayed for 10 second(s)
2022-01-08 22:31:21 [34mINFO [0;39m [36mplay[0;39m [35m[0;39m Delayed for 10 second(s)
2022-01-08 22:31:22 [34mINFO [0;39m [36mplay[0;39m [35m[0;39m Delayed for 10 second(s)
2022-01-08 22:31:22 [34mINFO [0;39m [36mplay[0;39m [35m[0;39m Delayed for 10 second(s)
2022-01-08 22:31:22 [34mINFO [0;39m [36mplay[0;39m [35m[0;39m Delayed for 10 second(s)
2022-01-08 22:31:23 [34mINFO [0;39m [36mplay[0;39m [35m[0;39m Delayed for 10 second(s)
2022-01-08 22:31:23 [34mINFO [0;39m [36mplay[0;39m [35m[0;39m Delayed for 10 second(s)
2022-01-08 22:31:23 [34mINFO [0;39m [36mplay[0;39m [35m[0;39m Delayed for 10 second(s)
2022-01-08 22:31:23 [34mINFO [0;39m [36mplay[0;39m [35m[0;39m Delayed for 10 second(s)
2022-01-08 22:31:24 [34mINFO [0;39m [36mplay[0;39m [35m[0;39m Delayed for 10 second(s)
2022-01-08 22:31:24 [34mINFO [0;39m [36mplay[0;39m [35m[0;39m Delayed for 10 second(s)
2022-01-08 22:31:24 [34mINFO [0;39m [36mplay[0;39m [35m[0;39m Delayed for 10 second(s)
2022-01-08 22:31:25 [34mINFO [0;39m [36mplay[0;39m [35m[0;39m Delayed for 10 second(s)
2022-01-08 22:31:25 [34mINFO [0;39m [36mplay[0;39m [35m[0;39m Delayed for 10 second(s)
2022-01-08 22:31:25 [34mINFO [0;39m [36mplay[0;39m [35m[0;39m Delayed for 10 second(s)
2022-01-08 22:31:25 [34mINFO [0;39m [36mplay[0;39m [35m[0;39m Delayed for 10 second(s)
2022-01-08 22:31:25 [34mINFO [0;39m [36mplay[0;39m [35m[0;39m Delayed for 10 second(s)
2022-01-08 22:31:26 [34mINFO [0;39m [36mplay[0;39m [35m[0;39m Delayed for 10 second(s)
2022-01-08 22:31:26 [34mINFO [0;39m [36mplay[0;39m [35m[0;39m Delayed for 10 second(s)
2022-01-08 22:31:26 [34mINFO [0;39m [36mplay[0;39m [35m[0;39m Delayed for 10 second(s)
2022-01-08 22:31:26 [34mINFO [0;39m [36mplay[0;39m [35m[0;39m Delayed for 10 second(s)
2022-01-08 22:31:38 [34mINFO [0;39m [36mp.a.i.l.c.CoordinatedShutdownSupport[0;39m [35m[0;39m Starting synchronous coordinated shutdown with ServerStoppedReason reason and 35000 milliseconds timeout
2022-01-08 22:31:38 [34mINFO [0;39m [36mplay.core.server.AkkaHttpServer[0;39m [35m[0;39m Stopping Akka HTTP server...
2022-01-08 22:31:38 [34mINFO [0;39m [36mplay.core.server.AkkaHttpServer[0;39m [35m[0;39m Terminating server binding for /0:0:0:0:0:0:0:0:9000
2022-01-08 22:31:38 [34mINFO [0;39m [36mplay.core.server.AkkaHttpServer[0;39m [35m[0;39m Running provided shutdown stop hooks
